14:05:21,763 (main) ERROR [DataNucleus.Persistence] - Error : Could not find API definition for name "JPA". Perhaps you dont have the requisite datanucleus-api-XXX jar in the CLASSPATH?
14:08:07,340 (main) ERROR [DataNucleus.Persistence] - Error : Could not find API definition for name "JPA". Perhaps you dont have the requisite datanucleus-api-XXX jar in the CLASSPATH?
14:10:01,672 (main) ERROR [DataNucleus.Persistence] - Error : Could not find API definition for name "JDO". Perhaps you dont have the requisite datanucleus-api-XXX jar in the CLASSPATH?
15:07:07,877 (main) INFO  [DataNucleus.Enhancer] - DataNucleus Enhancer for API "JDO"
15:07:08,056 (main) INFO  [DataNucleus.Enhancer] - DataNucleus Enhancer (version 3.1.1) : Enhancement of classes
15:07:08,417 (main) INFO  [DataNucleus.Enhancer] - Writing class file "D:\Work\googleappengine\appengine\target\appengine-0.0.1-SNAPSHOT\WEB-INF\classes\com\globant\model\Customer.class" with enhanced definition
15:07:08,420 (main) INFO  [DataNucleus.Enhancer] - DataNucleus Enhancer completed with success for 1 classes. Timings : input=306 ms, enhance=56 ms, total=362 ms. Consult the log for full details
15:07:25,470 (main) INFO  [DataNucleus.Enhancer] - DataNucleus Enhancer for API "JDO"
15:07:25,658 (main) INFO  [DataNucleus.Enhancer] - DataNucleus Enhancer (version 3.1.1) : Enhancement of classes
15:07:25,931 (main) INFO  [DataNucleus.Enhancer] - Class "com.globant.model.Customer" is already enhanced.
15:07:25,931 (main) INFO  [DataNucleus.Enhancer] - DataNucleus Enhancer completed with success for 1 classes. Timings : input=244 ms, enhance=28 ms, total=272 ms. Consult the log for full details
15:12:09,359 (main) INFO  [DataNucleus.Enhancer] - DataNucleus Enhancer for API "JDO"
15:12:09,526 (main) INFO  [DataNucleus.Enhancer] - DataNucleus Enhancer (version 3.1.1) : Enhancement of classes
15:12:09,790 (main) INFO  [DataNucleus.Enhancer] - Class "com.globant.model.Customer" is already enhanced.
15:12:09,790 (main) INFO  [DataNucleus.Enhancer] - DataNucleus Enhancer completed with success for 1 classes. Timings : input=237 ms, enhance=26 ms, total=263 ms. Consult the log for full details
15:12:52,414 (main) INFO  [DataNucleus.Enhancer] - DataNucleus Enhancer for API "JDO"
15:12:52,573 (main) INFO  [DataNucleus.Enhancer] - DataNucleus Enhancer (version 3.1.1) : Enhancement of classes
15:12:52,847 (main) INFO  [DataNucleus.Enhancer] - Class "com.globant.model.Customer" is already enhanced.
15:12:52,848 (main) INFO  [DataNucleus.Enhancer] - DataNucleus Enhancer completed with success for 1 classes. Timings : input=246 ms, enhance=27 ms, total=273 ms. Consult the log for full details
15:13:32,697 (main) INFO  [DataNucleus.Enhancer] - DataNucleus Enhancer for API "JDO"
15:13:32,857 (main) INFO  [DataNucleus.Enhancer] - DataNucleus Enhancer (version 3.1.1) : Enhancement of classes
15:13:33,117 (main) INFO  [DataNucleus.Enhancer] - Class "com.globant.model.Customer" is already enhanced.
15:13:33,117 (main) INFO  [DataNucleus.Enhancer] - DataNucleus Enhancer completed with success for 1 classes. Timings : input=231 ms, enhance=27 ms, total=258 ms. Consult the log for full details
15:16:52,008 (main) INFO  [DataNucleus.Enhancer] - DataNucleus Enhancer for API "JDO"
15:16:52,245 (main) INFO  [DataNucleus.Enhancer] - DataNucleus Enhancer (version 3.1.1) : Enhancement of classes
15:16:52,660 (main) INFO  [DataNucleus.Enhancer] - Writing class file "D:\Work\googleappengine\appengine\target\appengine-0.0.1-SNAPSHOT\WEB-INF\classes\com\globant\model\Customer.class" with enhanced definition
15:16:52,664 (main) INFO  [DataNucleus.Enhancer] - DataNucleus Enhancer completed with success for 1 classes. Timings : input=339 ms, enhance=78 ms, total=417 ms. Consult the log for full details
17:29:07,832 (main) INFO  [DataNucleus.Enhancer] - DataNucleus Enhancer for API "JDO"
17:29:07,985 (main) INFO  [DataNucleus.Enhancer] - DataNucleus Enhancer (version 3.1.1) : Enhancement of classes
17:29:08,276 (main) INFO  [DataNucleus.Enhancer] - Writing class file "D:\Work\googleappengine\appengine\target\appengine-0.0.1-SNAPSHOT\WEB-INF\classes\com\globant\model\Customer.class" with enhanced definition
17:29:08,280 (main) INFO  [DataNucleus.Enhancer] - DataNucleus Enhancer completed with success for 1 classes. Timings : input=234 ms, enhance=57 ms, total=291 ms. Consult the log for full details
17:31:05,275 (main) INFO  [DataNucleus.Enhancer] - DataNucleus Enhancer for API "JDO"
17:31:05,435 (main) INFO  [DataNucleus.Enhancer] - DataNucleus Enhancer (version 3.1.1) : Enhancement of classes
17:31:05,684 (main) INFO  [DataNucleus.Enhancer] - Class "com.globant.model.Customer" is already enhanced.
17:31:05,684 (main) INFO  [DataNucleus.Enhancer] - DataNucleus Enhancer completed with success for 1 classes. Timings : input=222 ms, enhance=26 ms, total=248 ms. Consult the log for full details
17:31:37,475 (main) INFO  [DataNucleus.Enhancer] - DataNucleus Enhancer for API "JDO"
17:31:37,656 (main) INFO  [DataNucleus.Enhancer] - DataNucleus Enhancer (version 3.1.1) : Enhancement of classes
17:31:37,909 (main) INFO  [DataNucleus.Enhancer] - Class "com.globant.model.Customer" is already enhanced.
17:31:37,910 (main) INFO  [DataNucleus.Enhancer] - DataNucleus Enhancer completed with success for 1 classes. Timings : input=225 ms, enhance=27 ms, total=252 ms. Consult the log for full details
17:33:44,523 (main) INFO  [DataNucleus.Enhancer] - DataNucleus Enhancer for API "JDO"
17:33:44,712 (main) INFO  [DataNucleus.Enhancer] - DataNucleus Enhancer (version 3.1.1) : Enhancement of classes
17:33:45,017 (main) INFO  [DataNucleus.Enhancer] - Class "com.globant.model.Customer" is already enhanced.
17:33:45,017 (main) INFO  [DataNucleus.Enhancer] - DataNucleus Enhancer completed with success for 1 classes. Timings : input=276 ms, enhance=28 ms, total=304 ms. Consult the log for full details
17:41:29,875 (main) INFO  [DataNucleus.Enhancer] - DataNucleus Enhancer for API "JDO"
17:41:30,096 (main) INFO  [DataNucleus.Enhancer] - DataNucleus Enhancer (version 3.1.1) : Enhancement of classes
17:41:30,536 (main) INFO  [DataNucleus.Enhancer] - Writing class file "D:\Work\googleappengine\appengine\target\appengine-0.0.1-SNAPSHOT\WEB-INF\classes\com\globant\model\Customer.class" with enhanced definition
17:41:30,540 (main) INFO  [DataNucleus.Enhancer] - DataNucleus Enhancer completed with success for 1 classes. Timings : input=351 ms, enhance=88 ms, total=439 ms. Consult the log for full details
17:45:40,655 (main) INFO  [DataNucleus.Enhancer] - DataNucleus Enhancer for API "JDO"
17:45:40,929 (main) INFO  [DataNucleus.Enhancer] - DataNucleus Enhancer (version 3.1.1) : Enhancement of classes
17:45:40,938 (main) ERROR [DataNucleus.Enhancer] - DataNucleus Enhancer completed with an error. Please review the enhancer log for full details. Some classes may have been enhanced but some caused errors
Error creating the MetaDataManager for API "JDO" : Class "org.datanucleus.api.jdo.metadata.JDOMetaDataManager" was not found in the CLASSPATH. Please check your specification and your CLASSPATH.
org.datanucleus.exceptions.NucleusException: Error creating the MetaDataManager for API "JDO" : Class "org.datanucleus.api.jdo.metadata.JDOMetaDataManager" was not found in the CLASSPATH. Please check your specification and your CLASSPATH.
	at org.datanucleus.NucleusContext.getMetaDataManager(NucleusContext.java:958)
	at org.datanucleus.enhancer.DataNucleusEnhancer.getMetaDataManager(DataNucleusEnhancer.java:215)
	at org.datanucleus.enhancer.DataNucleusEnhancer.getFileMetadataForInput(DataNucleusEnhancer.java:651)
	at org.datanucleus.enhancer.DataNucleusEnhancer.enhance(DataNucleusEnhancer.java:525)
	at org.datanucleus.enhancer.DataNucleusEnhancer.main(DataNucleusEnhancer.java:1258)
Caused by: org.datanucleus.exceptions.ClassNotResolvedException: Class "org.datanucleus.api.jdo.metadata.JDOMetaDataManager" was not found in the CLASSPATH. Please check your specification and your CLASSPATH.
	at org.datanucleus.JDOClassLoaderResolver.classForName(JDOClassLoaderResolver.java:245)
	at org.datanucleus.plugin.NonManagedPluginRegistry.createExecutableExtension(NonManagedPluginRegistry.java:679)
	at org.datanucleus.plugin.PluginManager.createExecutableExtension(PluginManager.java:325)
	at org.datanucleus.NucleusContext.getMetaDataManager(NucleusContext.java:952)
	... 4 more
Nested Throwables StackTrace:
Class "org.datanucleus.api.jdo.metadata.JDOMetaDataManager" was not found in the CLASSPATH. Please check your specification and your CLASSPATH.
org.datanucleus.exceptions.ClassNotResolvedException: Class "org.datanucleus.api.jdo.metadata.JDOMetaDataManager" was not found in the CLASSPATH. Please check your specification and your CLASSPATH.
	at org.datanucleus.JDOClassLoaderResolver.classForName(JDOClassLoaderResolver.java:245)
	at org.datanucleus.plugin.NonManagedPluginRegistry.createExecutableExtension(NonManagedPluginRegistry.java:679)
	at org.datanucleus.plugin.PluginManager.createExecutableExtension(PluginManager.java:325)
	at org.datanucleus.NucleusContext.getMetaDataManager(NucleusContext.java:952)
	at org.datanucleus.enhancer.DataNucleusEnhancer.getMetaDataManager(DataNucleusEnhancer.java:215)
	at org.datanucleus.enhancer.DataNucleusEnhancer.getFileMetadataForInput(DataNucleusEnhancer.java:651)
	at org.datanucleus.enhancer.DataNucleusEnhancer.enhance(DataNucleusEnhancer.java:525)
	at org.datanucleus.enhancer.DataNucleusEnhancer.main(DataNucleusEnhancer.java:1258)
17:46:34,601 (main) INFO  [DataNucleus.Enhancer] - DataNucleus Enhancer for API "JDO"
17:46:34,771 (main) INFO  [DataNucleus.Enhancer] - DataNucleus Enhancer (version 3.1.1) : Enhancement of classes
17:46:34,778 (main) ERROR [DataNucleus.Enhancer] - DataNucleus Enhancer completed with an error. Please review the enhancer log for full details. Some classes may have been enhanced but some caused errors
Error creating the MetaDataManager for API "JDO" : Class "org.datanucleus.api.jdo.metadata.JDOMetaDataManager" was not found in the CLASSPATH. Please check your specification and your CLASSPATH.
org.datanucleus.exceptions.NucleusException: Error creating the MetaDataManager for API "JDO" : Class "org.datanucleus.api.jdo.metadata.JDOMetaDataManager" was not found in the CLASSPATH. Please check your specification and your CLASSPATH.
	at org.datanucleus.NucleusContext.getMetaDataManager(NucleusContext.java:958)
	at org.datanucleus.enhancer.DataNucleusEnhancer.getMetaDataManager(DataNucleusEnhancer.java:215)
	at org.datanucleus.enhancer.DataNucleusEnhancer.getFileMetadataForInput(DataNucleusEnhancer.java:651)
	at org.datanucleus.enhancer.DataNucleusEnhancer.enhance(DataNucleusEnhancer.java:525)
	at org.datanucleus.enhancer.DataNucleusEnhancer.main(DataNucleusEnhancer.java:1258)
Caused by: org.datanucleus.exceptions.ClassNotResolvedException: Class "org.datanucleus.api.jdo.metadata.JDOMetaDataManager" was not found in the CLASSPATH. Please check your specification and your CLASSPATH.
	at org.datanucleus.JDOClassLoaderResolver.classForName(JDOClassLoaderResolver.java:245)
	at org.datanucleus.plugin.NonManagedPluginRegistry.createExecutableExtension(NonManagedPluginRegistry.java:679)
	at org.datanucleus.plugin.PluginManager.createExecutableExtension(PluginManager.java:325)
	at org.datanucleus.NucleusContext.getMetaDataManager(NucleusContext.java:952)
	... 4 more
Nested Throwables StackTrace:
Class "org.datanucleus.api.jdo.metadata.JDOMetaDataManager" was not found in the CLASSPATH. Please check your specification and your CLASSPATH.
org.datanucleus.exceptions.ClassNotResolvedException: Class "org.datanucleus.api.jdo.metadata.JDOMetaDataManager" was not found in the CLASSPATH. Please check your specification and your CLASSPATH.
	at org.datanucleus.JDOClassLoaderResolver.classForName(JDOClassLoaderResolver.java:245)
	at org.datanucleus.plugin.NonManagedPluginRegistry.createExecutableExtension(NonManagedPluginRegistry.java:679)
	at org.datanucleus.plugin.PluginManager.createExecutableExtension(PluginManager.java:325)
	at org.datanucleus.NucleusContext.getMetaDataManager(NucleusContext.java:952)
	at org.datanucleus.enhancer.DataNucleusEnhancer.getMetaDataManager(DataNucleusEnhancer.java:215)
	at org.datanucleus.enhancer.DataNucleusEnhancer.getFileMetadataForInput(DataNucleusEnhancer.java:651)
	at org.datanucleus.enhancer.DataNucleusEnhancer.enhance(DataNucleusEnhancer.java:525)
	at org.datanucleus.enhancer.DataNucleusEnhancer.main(DataNucleusEnhancer.java:1258)
17:47:48,929 (main) INFO  [DataNucleus.Enhancer] - DataNucleus Enhancer for API "JDO"
17:47:49,128 (main) INFO  [DataNucleus.Enhancer] - DataNucleus Enhancer (version 3.1.1) : Enhancement of classes
17:47:49,410 (main) INFO  [DataNucleus.Enhancer] - Class "com.globant.model.Customer" is already enhanced.
17:47:49,410 (main) INFO  [DataNucleus.Enhancer] - DataNucleus Enhancer completed with success for 1 classes. Timings : input=248 ms, enhance=32 ms, total=280 ms. Consult the log for full details
18:02:29,615 (main) INFO  [DataNucleus.Enhancer] - DataNucleus Enhancer for API "JDO"
18:02:29,813 (main) INFO  [DataNucleus.Enhancer] - DataNucleus Enhancer (version 3.1.1) : Enhancement of classes
18:02:30,133 (main) INFO  [DataNucleus.Enhancer] - Class "com.globant.model.Customer" is already enhanced.
18:02:30,134 (main) INFO  [DataNucleus.Enhancer] - DataNucleus Enhancer completed with success for 1 classes. Timings : input=289 ms, enhance=29 ms, total=318 ms. Consult the log for full details
18:12:10,000 (main) INFO  [DataNucleus.Enhancer] - DataNucleus Enhancer for API "JDO"
18:12:10,196 (main) INFO  [DataNucleus.Enhancer] - DataNucleus Enhancer (version 3.1.1) : Enhancement of classes
18:12:10,475 (main) INFO  [DataNucleus.Enhancer] - Class "com.globant.model.Customer" is already enhanced.
18:12:10,476 (main) INFO  [DataNucleus.Enhancer] - DataNucleus Enhancer completed with success for 1 classes. Timings : input=250 ms, enhance=28 ms, total=278 ms. Consult the log for full details
18:15:01,972 (main) INFO  [DataNucleus.Enhancer] - DataNucleus Enhancer for API "JDO"
18:15:02,140 (main) INFO  [DataNucleus.Enhancer] - DataNucleus Enhancer (version 3.1.1) : Enhancement of classes
18:15:02,482 (main) INFO  [DataNucleus.Enhancer] - Class "com.globant.model.Customer" is already enhanced.
18:15:02,483 (main) INFO  [DataNucleus.Enhancer] - DataNucleus Enhancer completed with success for 1 classes. Timings : input=298 ms, enhance=44 ms, total=342 ms. Consult the log for full details
18:16:47,832 (main) INFO  [DataNucleus.Enhancer] - DataNucleus Enhancer for API "JDO"
18:16:47,985 (main) INFO  [DataNucleus.Enhancer] - DataNucleus Enhancer (version 3.1.1) : Enhancement of classes
18:16:48,269 (main) INFO  [DataNucleus.Enhancer] - Class "com.globant.model.Customer" is already enhanced.
18:16:48,269 (main) INFO  [DataNucleus.Enhancer] - DataNucleus Enhancer completed with success for 1 classes. Timings : input=256 ms, enhance=26 ms, total=282 ms. Consult the log for full details
18:22:30,722 (main) INFO  [DataNucleus.Enhancer] - DataNucleus Enhancer for API "JDO"
18:22:30,886 (main) INFO  [DataNucleus.Enhancer] - DataNucleus Enhancer (version 3.1.1) : Enhancement of classes
18:22:31,176 (main) INFO  [DataNucleus.Enhancer] - Writing class file "D:\Work\googleappengine\appengine\target\appengine-0.0.1-SNAPSHOT\WEB-INF\classes\com\globant\model\Customer.class" with enhanced definition
18:22:31,180 (main) INFO  [DataNucleus.Enhancer] - DataNucleus Enhancer completed with success for 1 classes. Timings : input=232 ms, enhance=60 ms, total=292 ms. Consult the log for full details
18:30:04,496 (main) INFO  [DataNucleus.Enhancer] - DataNucleus Enhancer for API "JDO"
18:30:04,845 (main) INFO  [DataNucleus.Enhancer] - DataNucleus Enhancer (version 3.1.1) : Enhancement of classes
18:30:05,486 (main) INFO  [DataNucleus.Enhancer] - Writing class file "D:\Work\googleappengine\appengine\target\appengine-0.0.1-SNAPSHOT\WEB-INF\classes\com\globant\model\Customer.class" with enhanced definition
18:30:05,490 (main) INFO  [DataNucleus.Enhancer] - DataNucleus Enhancer completed with success for 1 classes. Timings : input=562 ms, enhance=77 ms, total=639 ms. Consult the log for full details
18:47:15,397 (main) INFO  [DataNucleus.Enhancer] - DataNucleus Enhancer for API "JDO"
18:47:15,595 (main) INFO  [DataNucleus.Enhancer] - DataNucleus Enhancer (version 3.1.1) : Enhancement of classes
18:47:15,995 (main) INFO  [DataNucleus.Enhancer] - Writing class file "D:\Work\googleappengine\appengine\target\appengine-0.0.1-SNAPSHOT\WEB-INF\classes\com\globant\model\Customer.class" with enhanced definition
18:47:15,999 (main) INFO  [DataNucleus.Enhancer] - DataNucleus Enhancer completed with success for 1 classes. Timings : input=332 ms, enhance=70 ms, total=402 ms. Consult the log for full details
18:50:17,469 (main) INFO  [DataNucleus.Enhancer] - DataNucleus Enhancer for API "JDO"
18:50:17,694 (main) INFO  [DataNucleus.Enhancer] - DataNucleus Enhancer (version 3.1.1) : Enhancement of classes
18:50:18,084 (main) INFO  [DataNucleus.Enhancer] - Writing class file "D:\Work\googleappengine\appengine\target\appengine-0.0.1-SNAPSHOT\WEB-INF\classes\com\globant\model\Customer.class" with enhanced definition
18:50:18,088 (main) INFO  [DataNucleus.Enhancer] - DataNucleus Enhancer completed with success for 1 classes. Timings : input=319 ms, enhance=73 ms, total=392 ms. Consult the log for full details
18:50:32,669 (main) INFO  [DataNucleus.Enhancer] - DataNucleus Enhancer for API "JDO"
18:50:32,935 (main) INFO  [DataNucleus.Enhancer] - DataNucleus Enhancer (version 3.1.1) : Enhancement of classes
18:50:33,315 (main) INFO  [DataNucleus.Enhancer] - Class "com.globant.model.Customer" is already enhanced.
18:50:33,316 (main) INFO  [DataNucleus.Enhancer] - DataNucleus Enhancer completed with success for 1 classes. Timings : input=339 ms, enhance=39 ms, total=378 ms. Consult the log for full details
18:51:49,474 (main) INFO  [DataNucleus.Enhancer] - DataNucleus Enhancer for API "JDO"
18:51:49,735 (main) INFO  [DataNucleus.Enhancer] - DataNucleus Enhancer (version 3.1.1) : Enhancement of classes
18:51:50,943 (main) INFO  [DataNucleus.Enhancer] - Writing class file "D:\Work\googleappengine\appengine\target\appengine-0.0.1-SNAPSHOT\WEB-INF\classes\com\globant\model\Customer.class" with enhanced definition
18:51:51,007 (main) INFO  [DataNucleus.Enhancer] - DataNucleus Enhancer completed with success for 1 classes. Timings : input=1021 ms, enhance=250 ms, total=1271 ms. Consult the log for full details
18:54:21,368 (main) INFO  [DataNucleus.Enhancer] - DataNucleus Enhancer for API "JDO"
18:54:21,550 (main) INFO  [DataNucleus.Enhancer] - DataNucleus Enhancer (version 3.1.1) : Enhancement of classes
18:54:22,068 (main) INFO  [DataNucleus.Enhancer] - Writing class file "D:\Work\googleappengine\appengine\target\appengine-0.0.1-SNAPSHOT\WEB-INF\classes\com\globant\model\Customer.class" with enhanced definition
18:54:22,076 (main) INFO  [DataNucleus.Enhancer] - DataNucleus Enhancer completed with success for 1 classes. Timings : input=366 ms, enhance=156 ms, total=522 ms. Consult the log for full details
